[INFO] Error stacktraces are turned on.
[INFO] Scanning for projects...
[INFO]                                                                         
[INFO] ------------------------------------------------------------------------
[INFO] Building Graphing 0.0.1-SNAPSHOT
[INFO] ------------------------------------------------------------------------
[INFO] 
[INFO] --- maven-resources-plugin:2.5:resources (default-resources) @ graphing ---
[debug] execute contextualize
[WARNING] Using platform encoding (Cp1252 actually) to copy filtered resources, i.e. build is platform dependent!
[INFO] skip non existing resourceDirectory D:\workspace\org.dkeeney\statistics\target\clone\workspace\graphing\src\main\resources
[INFO] 
[INFO] --- maven-compiler-plugin:2.1:compile (default-compile) @ graphing ---
[WARNING] File encoding has not been set, using platform encoding Cp1252, i.e. build is platform dependent!
[INFO] Compiling 20 source files to D:\workspace\org.dkeeney\statistics\target\clone\workspace\graphing\target\classes
[INFO] 
[INFO] --- maven-resources-plugin:2.5:testResources (default-testResources) @ graphing ---
[debug] execute contextualize
[WARNING] Using platform encoding (Cp1252 actually) to copy filtered resources, i.e. build is platform dependent!
[INFO] Copying 4 resources
[INFO] 
[INFO] --- maven-compiler-plugin:2.1:testCompile (default-testCompile) @ graphing ---
[WARNING] File encoding has not been set, using platform encoding Cp1252, i.e. build is platform dependent!
[INFO] Compiling 6 source files to D:\workspace\org.dkeeney\statistics\target\clone\workspace\graphing\target\test-classes
[INFO] 
[INFO] --- maven-surefire-plugin:2.10:test (default-test) @ graphing ---
[INFO] Surefire report directory: D:\workspace\org.dkeeney\statistics\target\clone\workspace\graphing\target\surefire-reports

-------------------------------------------------------
 T E S T S
-------------------------------------------------------
Running org.dkeeney.graphing.ColorGrapherTest
Took 118ms to calculate.
Took 215ms to draw.
Tests run: 1, Failures: 0, Errors: 0, Skipped: 0, Time elapsed: 0.773 sec
Running org.dkeeney.graphing.equations.EquationTest
Tests run: 17, Failures: 4, Errors: 0, Skipped: 0, Time elapsed: 0.016 sec <<< FAILURE!
Running org.dkeeney.graphing.GrapherTest
Tests run: 2, Failures: 1, Errors: 0, Skipped: 0, Time elapsed: 0.001 sec <<< FAILURE!
Running org.dkeeney.graphing.ImageMakerTest
Tests run: 3, Failures: 0, Errors: 0, Skipped: 0, Time elapsed: 0.001 sec
Running org.dkeeney.utils.ColorUtilsTest
Tests run: 4, Failures: 0, Errors: 0, Skipped: 0, Time elapsed: 0.001 sec
Running org.dkeeney.utils.UtilsTest
Tests run: 6, Failures: 0, Errors: 0, Skipped: 0, Time elapsed: 0.001 sec

Results :

Failed tests:   testInsufficientVariables(org.dkeeney.graphing.equations.EquationTest): expected:<... variable value for [x]> but was:<... variable value for [y]>
  testOrderOfOperations(org.dkeeney.graphing.equations.EquationTest): Equation 1+2*3 did not evaluate to 7.0 expected:<7.0> but was:<9.0>
  testEquationsWithParens(org.dkeeney.graphing.equations.EquationTest): Equation 1+3^(3+1)*4 did not evaluate to 325.0 expected:<325.0> but was:<1024.0>
  testEquationsWithVariables(org.dkeeney.graphing.equations.EquationTest): Equation x+y did not evaluate to 49.0 expected:<49.0> but was:<25.0>
  testCalculateValues(org.dkeeney.graphing.GrapherTest): expected:<4.0> but was:<0.0>

Tests run: 33, Failures: 5, Errors: 0, Skipped: 0

[INFO] ------------------------------------------------------------------------
[INFO] BUILD FAILURE
[INFO] ------------------------------------------------------------------------
[INFO] Total time: 5.958s
[INFO] Finished at: Sun Feb 02 15:53:27 SGT 2014
[INFO] Final Memory: 15M/182M
[INFO] ------------------------------------------------------------------------
[ERROR] Failed to execute goal org.apache.maven.plugins:maven-surefire-plugin:2.10:test (default-test) on project graphing: There are test failures.
[ERROR] 
[ERROR] Please refer to D:\workspace\org.dkeeney\statistics\target\clone\workspace\graphing\target\surefire-reports for the individual test results.
[ERROR] -> [Help 1]
org.apache.maven.lifecycle.LifecycleExecutionException: Failed to execute goal org.apache.maven.plugins:maven-surefire-plugin:2.10:test (default-test) on project graphing: There are test failures.

Please refer to D:\workspace\org.dkeeney\statistics\target\clone\workspace\graphing\target\surefire-reports for the individual test results.
	at org.apache.maven.lifecycle.internal.MojoExecutor.execute(MojoExecutor.java:213)
	at org.apache.maven.lifecycle.internal.MojoExecutor.execute(MojoExecutor.java:153)
	at org.apache.maven.lifecycle.internal.MojoExecutor.execute(MojoExecutor.java:145)
	at org.apache.maven.lifecycle.internal.LifecycleModuleBuilder.buildProject(LifecycleModuleBuilder.java:84)
	at org.apache.maven.lifecycle.internal.LifecycleModuleBuilder.buildProject(LifecycleModuleBuilder.java:59)
	at org.apache.maven.lifecycle.internal.LifecycleStarter.singleThreadedBuild(LifecycleStarter.java:183)
	at org.apache.maven.lifecycle.internal.LifecycleStarter.execute(LifecycleStarter.java:161)
	at org.apache.maven.DefaultMaven.doExecute(DefaultMaven.java:320)
	at org.apache.maven.DefaultMaven.execute(DefaultMaven.java:156)
	at org.apache.maven.cli.MavenCli.execute(MavenCli.java:537)
	at org.apache.maven.cli.MavenCli.doMain(MavenCli.java:196)
	at org.apache.maven.cli.MavenCli.main(MavenCli.java:141)
	at sun.reflect.NativeMethodAccessorImpl.invoke0(Native Method)
	at sun.reflect.NativeMethodAccessorImpl.invoke(NativeMethodAccessorImpl.java:57)
	at sun.reflect.DelegatingMethodAccessorImpl.invoke(DelegatingMethodAccessorImpl.java:43)
	at java.lang.reflect.Method.invoke(Method.java:601)
	at org.codehaus.plexus.classworlds.launcher.Launcher.launchEnhanced(Launcher.java:290)
	at org.codehaus.plexus.classworlds.launcher.Launcher.launch(Launcher.java:230)
	at org.codehaus.plexus.classworlds.launcher.Launcher.mainWithExitCode(Launcher.java:409)
	at org.codehaus.plexus.classworlds.launcher.Launcher.main(Launcher.java:352)
Caused by: org.apache.maven.plugin.MojoFailureException: There are test failures.

Please refer to D:\workspace\org.dkeeney\statistics\target\clone\workspace\graphing\target\surefire-reports for the individual test results.
	at org.apache.maven.plugin.surefire.SurefireHelper.reportExecution(SurefireHelper.java:87)
	at org.apache.maven.plugin.surefire.SurefirePlugin.writeSummary(SurefirePlugin.java:641)
	at org.apache.maven.plugin.surefire.SurefirePlugin.handleSummary(SurefirePlugin.java:615)
	at org.apache.maven.plugin.surefire.AbstractSurefireMojo.executeAfterPreconditionsChecked(AbstractSurefireMojo.java:137)
	at org.apache.maven.plugin.surefire.AbstractSurefireMojo.execute(AbstractSurefireMojo.java:98)
	at org.apache.maven.plugin.DefaultBuildPluginManager.executeMojo(DefaultBuildPluginManager.java:101)
	at org.apache.maven.lifecycle.internal.MojoExecutor.execute(MojoExecutor.java:209)
	... 19 more
[ERROR] 
[ERROR] Re-run Maven using the -X switch to enable full debug logging.
[ERROR] 
[ERROR] For more information about the errors and possible solutions, please read the following articles:
[ERROR] [Help 1] http://cwiki.apache.org/confluence/display/MAVEN/MojoFailureException
